<?xml version="1.0" encoding="UTF-8"?>
<testsuite xmlns:xsi="http://www.w3.org/2001/XMLSchema-instance" xsi:noNamespaceSchemaLocation="https://maven.apache.org/surefire/maven-surefire-plugin/xsd/surefire-test-report.xsd" name="UserTest" time="0.012" tests="5" errors="0" skipped="0" failures="0">
  <properties>
[...]
</properties>
  <testcase name="testUserWithName" classname="UserTest" time="0.007"/>
  <testcase name="testPublish" classname="UserTest" time="0"/>
  <testcase name="testUserDefault" classname="UserTest" time="0"/>
  <testcase name="testFollow" classname="UserTest" time="0"/>
  <testcase name="testNewName" classname="UserTest" time="0"/>
</testsuite>